Removed Pin From Net: NetName=NRST Pin=C12-2
Removed Pin From Net: NetName=NRST Pin=R5-1
Removed Pin From Net: NetName=NRST Pin=S2-1
Removed Member From Class: ClassName=Sheet7 Member=C3
Removed Member From Class: ClassName=Sheet8 Member=C3
Removed Member From Class: ClassName=Sheet7 Member=C4
Removed Member From Class: ClassName=Sheet8 Member=C4
Removed Member From Class: ClassName=Sheet2 Member=C5
Removed Member From Class: ClassName=Sheet4 Member=C5
Removed Member From Class: ClassName=Sheet1 Member=C12
Removed Member From Class: ClassName=Sheet4 Member=C12
Removed Member From Class: ClassName=Sheet5 Member=C13
Removed Member From Class: ClassName=Sheet5 Member=C14
Removed Member From Class: ClassName=Sheet8 Member=C15
Removed Member From Class: ClassName=Sheet1 Member=C16
Removed Member From Class: ClassName=Sheet2 Member=C16
Removed Member From Class: ClassName=Sheet1 Member=C21
Removed Member From Class: ClassName=Sheet2 Member=C21
Removed Member From Class: ClassName=Sheet1 Member=C22
Removed Member From Class: ClassName=Sheet2 Member=C22
Removed Member From Class: ClassName=Sheet2 Member=C24
Removed Member From Class: ClassName=Sheet1 Member=C27
Removed Member From Class: ClassName=Sheet3 Member=C27
Removed Member From Class: ClassName=Sheet4 Member=C28
Removed Member From Class: ClassName=Sheet3 Member=C29
Removed Member From Class: ClassName=Sheet6 Member=C29
Removed Member From Class: ClassName=Sheet6 Member=C31
Removed Member From Class: ClassName=Sheet6 Member=C33
Removed Member From Class: ClassName=Sheet7 Member=C33
Removed Member From Class: ClassName=Sheet6 Member=D1
Removed Member From Class: ClassName=Sheet8 Member=D5
Removed Member From Class: ClassName=Sheet4 Member=M1
Removed Member From Class: ClassName=Sheet4 Member=P1
Removed Member From Class: ClassName=Sheet4 Member=P3
Removed Member From Class: ClassName=Sheet1 Member=P8
Removed Member From Class: ClassName=Sheet2 Member=P8
Removed Member From Class: ClassName=Sheet1 Member=P9
Removed Member From Class: ClassName=Sheet2 Member=P9
Removed Member From Class: ClassName=Sheet3 Member=P9
Removed Member From Class: ClassName=Sheet3 Member=P12
Removed Member From Class: ClassName=Sheet7 Member=P16
Removed Member From Class: ClassName=Sheet8 Member=P17
Removed Member From Class: ClassName=Sheet7 Member=P20
Removed Member From Class: ClassName=Sheet8 Member=P20
Removed Member From Class: ClassName=Sheet4 Member=P22
Removed Member From Class: ClassName=Sheet4 Member=P23
Removed Member From Class: ClassName=Sheet4 Member=P24
Removed Member From Class: ClassName=Sheet8 Member=P24
Removed Member From Class: ClassName=Sheet4 Member=P25
Removed Member From Class: ClassName=Sheet8 Member=P25
Removed Member From Class: ClassName=Sheet5 Member=P28
Removed Member From Class: ClassName=Sheet1 Member=Q2
Removed Member From Class: ClassName=Sheet6 Member=Q2
Removed Member From Class: ClassName=Sheet2 Member=R1
Removed Member From Class: ClassName=Sheet5 Member=R3
Removed Member From Class: ClassName=Sheet6 Member=R5
Removed Member From Class: ClassName=Sheet8 Member=R5
Removed Member From Class: ClassName=Sheet4 Member=R6
Removed Member From Class: ClassName=Sheet6 Member=R6
Removed Member From Class: ClassName=Sheet6 Member=R7
Removed Member From Class: ClassName=Sheet2 Member=R10
Removed Member From Class: ClassName=Sheet2 Member=R12
Removed Member From Class: ClassName=Sheet6 Member=R12
Removed Member From Class: ClassName=Sheet6 Member=R15
Removed Member From Class: ClassName=Sheet6 Member=R16
Removed Member From Class: ClassName=Sheet8 Member=R21
Removed Member From Class: ClassName=Sheet2 Member=R24
Removed Member From Class: ClassName=Sheet4 Member=R24
Removed Member From Class: ClassName=Sheet4 Member=R26
Removed Member From Class: ClassName=Sheet4 Member=S1
Removed Member From Class: ClassName=Sheet4 Member=S2
Removed Member From Class: ClassName=Sheet1 Member=U3
Removed Member From Class: ClassName=Sheet4 Member=U3
Removed Member From Class: ClassName=Sheet6 Member=U3
Added Pin To Net: NetName=BTN Pin=C12-2
Added Pin To Net: NetName=BLUE_TX Pin=CR1-31
Added Pin To Net: NetName=BLU_KEY Pin=CR1-32
Added Pin To Net: NetName=5V_WIFI Pin=IC1-3
Added Pin To Net: NetName=BLUE_RX Pin=M4-2
Added Pin To Net: NetName=BLUE_TX Pin=M4-3
Added Pin To Net: NetName=NetCR1_14 Pin=M5-11
Added Pin To Net: NetName=BTN Pin=R5-1
Added Pin To Net: NetName=BTN Pin=S2-1
Change Net Name : Old Net Name=BLU_KEY New Net Name=BLUE_KEY
Added Member To Class: ClassName=Sheet1 Member=Component C6 Cap-10uF-50V-0805
Added Member To Class: ClassName=Sheet1 Member=Component C7 Cap-10uF-50V-0805
Added Member To Class: ClassName=Sheet1 Member=Component C8 Cap-10uF-50V-0805
Added Member To Class: ClassName=Sheet2 Member=Component C11 Cap-1nF-50V-0805
Added Member To Class: ClassName=Sheet2 Member=Component C12 Cap-1nF-50V-0805
Added Member To Class: ClassName=Sheet2 Member=Component C13 Cap-1nF-50V-0805
Added Member To Class: ClassName=Sheet2 Member=Component C14 Cap-1nF-50V-0805
Added Member To Class: ClassName=Sheet2 Member=Component C15 Cap-1nF-50V-0805
Added Member To Class: ClassName=Sheet3 Member=Component C16 Cap Non-Pol SMD
Added Member To Class: ClassName=Sheet3 Member=Component C17 Cap-1nF-50V-0805
Added Member To Class: ClassName=Sheet4 Member=Component C18 Cap-10uF-50V-0805
Added Member To Class: ClassName=Sheet4 Member=Component C19 Cap-1nF-50V-0805
Added Member To Class: ClassName=Sheet4 Member=Component C20 Cap-1nF-50V-0805
Added Member To Class: ClassName=Sheet5 Member=Component C21 Cap-1nF-50V-0805
Added Member To Class: ClassName=Sheet5 Member=Component C22 Cap-1nF-50V-0805
Added Member To Class: ClassName=Sheet6 Member=Component C25 Cap-1nF-50V-0805
Added Member To Class: ClassName=Sheet6 Member=Component C26 Cap-1nF-50V-0805
Added Member To Class: ClassName=Sheet6 Member=Component C27 Cap-1nF-50V-0805
Added Member To Class: ClassName=Sheet7 Member=Component C29 Cap-1nF-50V-0805
Added Member To Class: ClassName=Sheet7 Member=Component C30 Cap-1nF-50V-0805
Added Member To Class: ClassName=Sheet7 Member=Component C31 Cap-1nF-50V-0805
Added Member To Class: ClassName=Sheet8 Member=Component C33 Cap-1nF-50V-0805
Added Member To Class: ClassName=Sheet8 Member=Component C34 Cap-4.7uF-50V-0805
Added Member To Class: ClassName=Sheet8 Member=Component C35 Cap-4.7uF-50V-0805
Added Member To Class: ClassName=Sheet6 Member=Component D5 SS14
Added Member To Class: ClassName=Sheet8 Member=Component D11 LED-RED-TH-3mm
Added Member To Class: ClassName=Sheet4 Member=Component M2 DRV8825
Added Member To Class: ClassName=Sheet1 Member=Component P1 691322310002
Added Member To Class: ClassName=Sheet1 Member=Component P3 Header 2
Added Member To Class: ClassName=Sheet2 Member=Component P5 
Added Member To Class: ClassName=Sheet2 Member=Component P6 
Added Member To Class: ClassName=Sheet3 Member=Component P7 691322310004
Added Member To Class: ClassName=Sheet3 Member=Component P8 691322310004
Added Member To Class: ClassName=Sheet4 Member=Component P9 Header 2
Added Member To Class: ClassName=Sheet4 Member=Component P10 Header 3
Added Member To Class: ClassName=Sheet4 Member=Component P16 Header 3
Added Member To Class: ClassName=Sheet4 Member=Component P18 Header 3
Added Member To Class: ClassName=Sheet4 Member=Component P20 Header 3
Added Member To Class: ClassName=Sheet4 Member=Component P21 Header 3
Added Member To Class: ClassName=Sheet5 Member=Component P22 Header 3
Added Member To Class: ClassName=Sheet7 Member=Component P24 Header 6
Added Member To Class: ClassName=Sheet7 Member=Component P26 Header 2
Added Member To Class: ClassName=Sheet8 Member=Component P27 Header 4
Added Member To Class: ClassName=Sheet8 Member=Component P28 Header 5
Added Member To Class: ClassName=Sheet8 Member=Component P29 Header 3
Added Member To Class: ClassName=Sheet8 Member=Component P30 Header 2
Added Member To Class: ClassName=Sheet1 Member=Component Q1 MMBT3904-1AM
Added Member To Class: ClassName=Sheet6 Member=Component Q4 S8050
Added Member To Class: ClassName=Sheet1 Member=Component R2 Res-1K-0805
Added Member To Class: ClassName=Sheet2 Member=Component R3 Res-0-0805
Added Member To Class: ClassName=Sheet2 Member=Component R5 Res-0-0805
Added Member To Class: ClassName=Sheet2 Member=Component R7 Res-1K-0805
Added Member To Class: ClassName=Sheet2 Member=Component R8 Res-0-0805
Added Member To Class: ClassName=Sheet4 Member=Component R9 Res-1K-0805
Added Member To Class: ClassName=Sheet4 Member=Component R10 Res-1K-0805
Added Member To Class: ClassName=Sheet4 Member=Component R11 Res-1K-0805
Added Member To Class: ClassName=Sheet5 Member=Component R16 Res-1K-0805
Added Member To Class: ClassName=Sheet6 Member=Component R18 Res-470-0805
Added Member To Class: ClassName=Sheet6 Member=Component R19 Res-0-0805
Added Member To Class: ClassName=Sheet6 Member=Component R20 Res-470-0805
Added Member To Class: ClassName=Sheet6 Member=Component R24 Res-470-0805
Added Member To Class: ClassName=Sheet6 Member=Component R25 Res-0-0805
Added Member To Class: ClassName=Sheet6 Member=Component R26 Res-470-0805
Added Member To Class: ClassName=Sheet6 Member=Component R27 Res-0-0805
Added Member To Class: ClassName=Sheet8 Member=Component R34 Res-1K-0805
Added Member To Class: ClassName=Sheet8 Member=Component R35 Res-1K-0805
Added Member To Class: ClassName=Sheet1 Member=Component U1 L7805-SMD
Added Member To Class: ClassName=Sheet4 Member=Component U4 74HC245
Added Member To Class: ClassName=Sheet6 Member=Component U7 CP2102-GM
