Removed Member From Class: ClassName=Sheet1 Member=C14
Removed Member From Class: ClassName=Sheet1 Member=P13
Removed Member From Class: ClassName=Sheet2 Member=R19
Removed Member From Class: ClassName=Sheet1 Member=U4
Change Component Designator: OldDesignator=* NewDesignator=*1
Change Component Designator: OldDesignator=2 NewDesignator=1
Change Component Designator: OldDesignator=C1 NewDesignator=C2
Change Component Designator: OldDesignator=C2 NewDesignator=C16
Change Component Designator: OldDesignator=C3 NewDesignator=C17
Change Component Designator: OldDesignator=C4 NewDesignator=C19
Change Component Designator: OldDesignator=C5 NewDesignator=C20
Change Component Designator: OldDesignator=C6 NewDesignator=C21
Change Component Designator: OldDesignator=C7 NewDesignator=C22
Change Component Designator: OldDesignator=C8 NewDesignator=C1
Change Component Designator: OldDesignator=C9 NewDesignator=C3
Change Component Designator: OldDesignator=C10 NewDesignator=C4
Change Component Designator: OldDesignator=C11 NewDesignator=C5
Change Component Designator: OldDesignator=C12 NewDesignator=C6
Change Component Designator: OldDesignator=C13 NewDesignator=C7
Change Component Designator: OldDesignator=C14 NewDesignator=C8
Change Component Designator: OldDesignator=C15 NewDesignator=C25
Change Component Designator: OldDesignator=C16 NewDesignator=C26
Change Component Designator: OldDesignator=C17 NewDesignator=C27
Change Component Designator: OldDesignator=C18 NewDesignator=C28
Change Component Designator: OldDesignator=C19 NewDesignator=C11
Change Component Designator: OldDesignator=C20 NewDesignator=C12
Change Component Designator: OldDesignator=C21 NewDesignator=C13
Change Component Designator: OldDesignator=C22 NewDesignator=C14
Change Component Designator: OldDesignator=C23 NewDesignator=C18
Change Component Designator: OldDesignator=C24 NewDesignator=C23
Change Component Designator: OldDesignator=C25 NewDesignator=C24
Change Component Designator: OldDesignator=C26 NewDesignator=C29
Change Component Designator: OldDesignator=C27 NewDesignator=C30
Change Component Designator: OldDesignator=C28 NewDesignator=C31
Change Component Designator: OldDesignator=C29 NewDesignator=C32
Change Component Designator: OldDesignator=C30 NewDesignator=C33
Change Component Designator: OldDesignator=C31 NewDesignator=C34
Change Component Designator: OldDesignator=C32 NewDesignator=C35
Change Component Designator: OldDesignator=C33 NewDesignator=C15
Change Component Designator: OldDesignator=C34 NewDesignator=C9
Change Component Designator: OldDesignator=C35 NewDesignator=C10
Change Component Designator: OldDesignator=D5 NewDesignator=D1
Change Component Designator: OldDesignator=D6 NewDesignator=D5
Change Component Designator: OldDesignator=D7 NewDesignator=D6
Change Component Designator: OldDesignator=D8 NewDesignator=D7
Change Component Designator: OldDesignator=D9 NewDesignator=D8
Change Component Designator: OldDesignator=D10 NewDesignator=D9
Change Component Designator: OldDesignator=D11 NewDesignator=D10
Change Component Designator: OldDesignator=D12 NewDesignator=D11
Change Component Designator: OldDesignator=M1 NewDesignator=M2
Change Component Designator: OldDesignator=M2 NewDesignator=M3
Change Component Designator: OldDesignator=M3 NewDesignator=M1
Change Component Designator: OldDesignator=M8 NewDesignator=M9
Change Component Designator: OldDesignator=M9 NewDesignator=M8
Change Component Designator: OldDesignator=P1 NewDesignator=P2
Change Component Designator: OldDesignator=P2 NewDesignator=P5
Change Component Designator: OldDesignator=P3 NewDesignator=P6
Change Component Designator: OldDesignator=P5 NewDesignator=P7
Change Component Designator: OldDesignator=P6 NewDesignator=P8
Change Component Designator: OldDesignator=P7 NewDesignator=P9
Change Component Designator: OldDesignator=P8 NewDesignator=P10
Change Component Designator: OldDesignator=P9 NewDesignator=P11
Change Component Designator: OldDesignator=P10 NewDesignator=P12
Change Component Designator: OldDesignator=P11 NewDesignator=P13
Change Component Designator: OldDesignator=P12 NewDesignator=P3
Change Component Designator: OldDesignator=P13 NewDesignator=P1
Change Component Designator: OldDesignator=P16 NewDesignator=P22
Change Component Designator: OldDesignator=P17 NewDesignator=P23
Change Component Designator: OldDesignator=P18 NewDesignator=P24
Change Component Designator: OldDesignator=P19 NewDesignator=P25
Change Component Designator: OldDesignator=P20 NewDesignator=P29
Change Component Designator: OldDesignator=P21 NewDesignator=P27
Change Component Designator: OldDesignator=P22 NewDesignator=P28
Change Component Designator: OldDesignator=P24 NewDesignator=P30
Change Component Designator: OldDesignator=P26 NewDesignator=P16
Change Component Designator: OldDesignator=P27 NewDesignator=P17
Change Component Designator: OldDesignator=P28 NewDesignator=P18
Change Component Designator: OldDesignator=P29 NewDesignator=P19
Change Component Designator: OldDesignator=P30 NewDesignator=P20
Change Component Designator: OldDesignator=P31 NewDesignator=P21
Change Component Designator: OldDesignator=P32 NewDesignator=P26
Change Component Designator: OldDesignator=Q1 NewDesignator=Q2
Change Component Designator: OldDesignator=Q3 NewDesignator=Q1
Change Component Designator: OldDesignator=Q4 NewDesignator=Q3
Change Component Designator: OldDesignator=Q5 NewDesignator=Q4
Change Component Designator: OldDesignator=R2 NewDesignator=R1
Change Component Designator: OldDesignator=R3 NewDesignator=R2
Change Component Designator: OldDesignator=R5 NewDesignator=R9
Change Component Designator: OldDesignator=R6 NewDesignator=R10
Change Component Designator: OldDesignator=R7 NewDesignator=R11
Change Component Designator: OldDesignator=R8 NewDesignator=R12
Change Component Designator: OldDesignator=R9 NewDesignator=R13
Change Component Designator: OldDesignator=R10 NewDesignator=R14
Change Component Designator: OldDesignator=R11 NewDesignator=R18
Change Component Designator: OldDesignator=R12 NewDesignator=R20
Change Component Designator: OldDesignator=R13 NewDesignator=R24
Change Component Designator: OldDesignator=R14 NewDesignator=R26
Change Component Designator: OldDesignator=R16 NewDesignator=R3
Change Component Designator: OldDesignator=R17 NewDesignator=R5
Change Component Designator: OldDesignator=R18 NewDesignator=R6
Change Component Designator: OldDesignator=R19 NewDesignator=R7
Change Component Designator: OldDesignator=R19 NewDesignator=R16
Change Component Designator: OldDesignator=R20 NewDesignator=R8
Change Component Designator: OldDesignator=R22 NewDesignator=R15
Change Component Designator: OldDesignator=R23 NewDesignator=R17
Change Component Designator: OldDesignator=R24 NewDesignator=R19
Change Component Designator: OldDesignator=R25 NewDesignator=R21
Change Component Designator: OldDesignator=R26 NewDesignator=R22
Change Component Designator: OldDesignator=R27 NewDesignator=R23
Change Component Designator: OldDesignator=R28 NewDesignator=R25
Change Component Designator: OldDesignator=R29 NewDesignator=R27
Change Component Designator: OldDesignator=R30 NewDesignator=R28
Change Component Designator: OldDesignator=R31 NewDesignator=R29
Change Component Designator: OldDesignator=R32 NewDesignator=R30
Change Component Designator: OldDesignator=R33 NewDesignator=R31
Change Component Designator: OldDesignator=R34 NewDesignator=R32
Change Component Designator: OldDesignator=R35 NewDesignator=R33
Change Component Designator: OldDesignator=R36 NewDesignator=R34
Change Component Designator: OldDesignator=R37 NewDesignator=R35
Change Component Designator: OldDesignator=S1 NewDesignator=S3
Change Component Designator: OldDesignator=S2 NewDesignator=S4
Change Component Designator: OldDesignator=S3 NewDesignator=S1
Change Component Designator: OldDesignator=S4 NewDesignator=S2
Change Component Designator: OldDesignator=tsts NewDesignator=tsts1
Change Component Designator: OldDesignator=U1 NewDesignator=U2
Change Component Designator: OldDesignator=U2 NewDesignator=U3
Change Component Designator: OldDesignator=U4 NewDesignator=U1
Change Component Designator: OldDesignator=U4 NewDesignator=U7
Change Component Designator: OldDesignator=U5 NewDesignator=U4
Change Component Designator: OldDesignator=U6 NewDesignator=U5
Change Component Designator: OldDesignator=U7 NewDesignator=U6
Change Net Name : Old Net Name=Net2_1 New Net Name=Net1_1
Change Net Name : Old Net Name=Net2_2 New Net Name=Net1_2
Change Net Name : Old Net Name=NetC27_2 New Net Name=NetC30_2
Change Net Name : Old Net Name=NetC29_2 New Net Name=NetC32_2
Change Net Name : Old Net Name=NetD5_2 New Net Name=NetD1_2
Change Net Name : Old Net Name=NetD7_1 New Net Name=NetD6_1
Change Net Name : Old Net Name=NetD7_2 New Net Name=NetD6_2
Change Net Name : Old Net Name=NetD8_1 New Net Name=NetD7_1
Change Net Name : Old Net Name=NetD8_2 New Net Name=NetD7_2
Change Net Name : Old Net Name=NetD9_1 New Net Name=NetD8_1
Change Net Name : Old Net Name=NetD9_2 New Net Name=NetD8_2
Change Net Name : Old Net Name=NetD10_2 New Net Name=NetD9_2
Change Net Name : Old Net Name=NetD11_1 New Net Name=NetD10_1
Change Net Name : Old Net Name=NetD12_1 New Net Name=NetD11_1
Change Net Name : Old Net Name=NetM1_5 New Net Name=NetM2_5
Change Net Name : Old Net Name=NetM1_6 New Net Name=NetM2_6
Change Net Name : Old Net Name=NetM1_7 New Net Name=NetM2_7
Change Net Name : Old Net Name=NetM2_5 New Net Name=NetM3_5
Change Net Name : Old Net Name=NetM2_6 New Net Name=NetM3_6
Change Net Name : Old Net Name=NetM2_7 New Net Name=NetM3_7
Change Net Name : Old Net Name=NetQ1_1 New Net Name=NetQ2_1
Change Net Name : Old Net Name=NetQ3_1 New Net Name=NetQ1_1
Change Net Name : Old Net Name=NetQ3_3 New Net Name=NetQ1_3
Change Net Name : Old Net Name=NetQ4_1 New Net Name=NetQ3_1
Change Net Name : Old Net Name=NetQ5_1 New Net Name=NetQ4_1
Change Net Name : Old Net Name=NetR11_2 New Net Name=NetR18_2
Change Net Name : Old Net Name=NetR13_1 New Net Name=NetR24_1
Change Net Name : Old Net Name=NetR13_2 New Net Name=NetR24_2
Added Member To Class: ClassName=Sheet1 Member=Component C2 Cap-10uF-50V-0805
Added Member To Class: ClassName=Sheet1 Member=Component P2 691322310002
Added Member To Class: ClassName=Sheet2 Member=Component R7 Res-1K-0805
Added Member To Class: ClassName=Sheet1 Member=Component U2 XC6204B181MR
