Removed Member From Class: ClassName=Sheet7 Member=C3
Removed Member From Class: ClassName=Sheet8 Member=C3
Removed Member From Class: ClassName=Sheet7 Member=C4
Removed Member From Class: ClassName=Sheet8 Member=C4
Removed Member From Class: ClassName=Sheet2 Member=C5
Removed Member From Class: ClassName=Sheet4 Member=C5
Removed Member From Class: ClassName=Sheet1 Member=C12
Removed Member From Class: ClassName=Sheet4 Member=C12
Removed Member From Class: ClassName=Sheet5 Member=C13
Removed Member From Class: ClassName=Sheet5 Member=C14
Removed Member From Class: ClassName=Sheet8 Member=C15
Removed Member From Class: ClassName=Sheet1 Member=C16
Removed Member From Class: ClassName=Sheet2 Member=C16
Removed Member From Class: ClassName=Sheet1 Member=C21
Removed Member From Class: ClassName=Sheet2 Member=C21
Removed Member From Class: ClassName=Sheet1 Member=C22
Removed Member From Class: ClassName=Sheet2 Member=C22
Removed Member From Class: ClassName=Sheet2 Member=C24
Removed Member From Class: ClassName=Sheet1 Member=C27
Removed Member From Class: ClassName=Sheet3 Member=C27
Removed Member From Class: ClassName=Sheet4 Member=C28
Removed Member From Class: ClassName=Sheet3 Member=C29
Removed Member From Class: ClassName=Sheet6 Member=C29
Removed Member From Class: ClassName=Sheet6 Member=C31
Removed Member From Class: ClassName=Sheet6 Member=C33
Removed Member From Class: ClassName=Sheet7 Member=C33
Removed Member From Class: ClassName=Sheet6 Member=D1
Removed Member From Class: ClassName=Sheet8 Member=D5
Removed Member From Class: ClassName=Sheet4 Member=M1
Removed Member From Class: ClassName=Sheet4 Member=P1
Removed Member From Class: ClassName=Sheet4 Member=P3
Removed Member From Class: ClassName=Sheet1 Member=P8
Removed Member From Class: ClassName=Sheet2 Member=P8
Removed Member From Class: ClassName=Sheet1 Member=P9
Removed Member From Class: ClassName=Sheet2 Member=P9
Removed Member From Class: ClassName=Sheet3 Member=P9
Removed Member From Class: ClassName=Sheet3 Member=P12
Removed Member From Class: ClassName=Sheet7 Member=P16
Removed Member From Class: ClassName=Sheet8 Member=P17
Removed Member From Class: ClassName=Sheet7 Member=P20
Removed Member From Class: ClassName=Sheet8 Member=P20
Removed Member From Class: ClassName=Sheet4 Member=P22
Removed Member From Class: ClassName=Sheet4 Member=P23
Removed Member From Class: ClassName=Sheet4 Member=P24
Removed Member From Class: ClassName=Sheet8 Member=P24
Removed Member From Class: ClassName=Sheet4 Member=P25
Removed Member From Class: ClassName=Sheet8 Member=P25
Removed Member From Class: ClassName=Sheet5 Member=P28
Removed Member From Class: ClassName=Sheet1 Member=Q2
Removed Member From Class: ClassName=Sheet6 Member=Q2
Removed Member From Class: ClassName=Sheet2 Member=R1
Removed Member From Class: ClassName=Sheet5 Member=R3
Removed Member From Class: ClassName=Sheet6 Member=R5
Removed Member From Class: ClassName=Sheet8 Member=R5
Removed Member From Class: ClassName=Sheet4 Member=R6
Removed Member From Class: ClassName=Sheet6 Member=R6
Removed Member From Class: ClassName=Sheet6 Member=R7
Removed Member From Class: ClassName=Sheet2 Member=R10
Removed Member From Class: ClassName=Sheet2 Member=R12
Removed Member From Class: ClassName=Sheet6 Member=R12
Removed Member From Class: ClassName=Sheet6 Member=R15
Removed Member From Class: ClassName=Sheet6 Member=R16
Removed Member From Class: ClassName=Sheet8 Member=R21
Removed Member From Class: ClassName=Sheet2 Member=R24
Removed Member From Class: ClassName=Sheet4 Member=R24
Removed Member From Class: ClassName=Sheet4 Member=R26
Removed Member From Class: ClassName=Sheet4 Member=S1
Removed Member From Class: ClassName=Sheet4 Member=S2
Removed Member From Class: ClassName=Sheet1 Member=U3
Removed Member From Class: ClassName=Sheet4 Member=U3
Removed Member From Class: ClassName=Sheet6 Member=U3
Change Component Footprint: Designator=C19 Old Footprint=CAP-SM-0805 New Footprint=CAP-SM-AL-SIZE-D-D6L6
Change Component Footprint: Designator=C20 Old Footprint=CAP-SM-0805 New Footprint=CAP-SM-AL-SIZE-F-D8L10
Change Component Comment : Designator=C19 Old Comment=Cap-1nF-50V-0805 New Comment=Cap-Al-100uF-16V-D6L5
Change Component Comment : Designator=C20 Old Comment=Cap-1nF-50V-0805 New Comment=Cap-Al-220uF-35V-D8L10
Change component parameters: Designator = "C19"; Footprint = "CAP-SM-AL-SIZE-D-D6L6"; UniqueID = "\QREIWPQM"
Change component parameters. Clean all parameters for all variants
Change component parameters (AddParameter): Name = "Local Supplier"; Value = "thegioiic"; VariantName = "[No Variations]"
Change component parameters (AddParameter): Name = "Local Supplier Link"; Value = "https://thegioiic.com/products/tu-nhom-smd-100uf-16v-d6-3l5-4"; VariantName = "[No Variations]"
Change component parameters (AddParameter): Name = "Manufacturer"; Value = "Nichicon"; VariantName = "[No Variations]"
Change component parameters (AddParameter): Name = "Manufacturer Part Number"; Value = "UWX1C101MCL1GB"; VariantName = "[No Variations]"
Change component parameters (AddParameter): Name = "Supplier 1"; Value = "Digikey"; VariantName = "[No Variations]"
Change component parameters (AddParameter): Name = "Supplier 1 Link"; Value = "https://www.digikey.com/product-detail/en/nichicon/UWX1C101MCL1GB/493-2105-1-ND/590080"; VariantName = "[No Variations]"
Change component parameters (AddParameter): Name = "Supplier 1 Part Number"; Value = "493-2105-1-ND"; VariantName = "[No Variations]"
Change component parameters (AddParameter): Name = "Value"; Value = "100uF/16V"; VariantName = "[No Variations]"
Change component parameters: Designator = "C20"; Footprint = "CAP-SM-AL-SIZE-F-D8L10"; UniqueID = "\TXXDUPWK"
Change component parameters. Clean all parameters for all variants
Change component parameters (AddParameter): Name = "Local Supplier"; Value = "thegioiic"; VariantName = "[No Variations]"
Change component parameters (AddParameter): Name = "Local Supplier Link"; Value = "https://thegioiic.com/products/tu-nhom-smd-220uf-35v-d8l10"; VariantName = "[No Variations]"
Change component parameters (AddParameter): Name = "Manufacturer"; Value = "Nichicon"; VariantName = "[No Variations]"
Change component parameters (AddParameter): Name = "Manufacturer Part Number"; Value = "UWT1V221MNL1GS"; VariantName = "[No Variations]"
Change component parameters (AddParameter): Name = "Supplier 1"; Value = "Digikey"; VariantName = "[No Variations]"
Change component parameters (AddParameter): Name = "Supplier 1 Link"; Value = "https://www.digikey.com/product-detail/en/nichicon/UWT1V221MNL1GS/493-2205-2-ND/589946"; VariantName = "[No Variations]"
Change component parameters (AddParameter): Name = "Supplier 1 Part Number"; Value = "493-2205-2-ND"; VariantName = "[No Variations]"
Change component parameters (AddParameter): Name = "Value"; Value = "220uF/35V"; VariantName = "[No Variations]"
Added Member To Class: ClassName=Sheet1 Member=Component C6 Cap-10uF-50V-0805
Added Member To Class: ClassName=Sheet1 Member=Component C7 Cap-10uF-50V-0805
Added Member To Class: ClassName=Sheet1 Member=Component C8 Cap-10uF-50V-0805
Added Member To Class: ClassName=Sheet1 Member=Component C9 Cap-100nF-50V-0805
Added Member To Class: ClassName=Sheet1 Member=Component C10 Cap-10uF-50V-0805
Added Member To Class: ClassName=Sheet2 Member=Component C11 Cap-1nF-50V-0805
Added Member To Class: ClassName=Sheet2 Member=Component C12 Cap-1nF-50V-0805
Added Member To Class: ClassName=Sheet2 Member=Component C13 Cap-1nF-50V-0805
Added Member To Class: ClassName=Sheet2 Member=Component C14 Cap-1nF-50V-0805
Added Member To Class: ClassName=Sheet2 Member=Component C15 Cap-1nF-50V-0805
Added Member To Class: ClassName=Sheet3 Member=Component C16 Cap Non-Pol SMD
Added Member To Class: ClassName=Sheet3 Member=Component C17 Cap-1nF-50V-0805
Added Member To Class: ClassName=Sheet4 Member=Component C18 Cap-10uF-50V-0805
Added Member To Class: ClassName=Sheet4 Member=Component C19 Cap-Al-100uF-16V-D6L5
Added Member To Class: ClassName=Sheet4 Member=Component C20 Cap-Al-220uF-35V-D8L10
Added Member To Class: ClassName=Sheet5 Member=Component C21 Cap-1nF-50V-0805
Added Member To Class: ClassName=Sheet5 Member=Component C22 Cap-1nF-50V-0805
Added Member To Class: ClassName=Sheet6 Member=Component C25 Cap-1nF-50V-0805
Added Member To Class: ClassName=Sheet6 Member=Component C26 Cap-1nF-50V-0805
Added Member To Class: ClassName=Sheet6 Member=Component C27 Cap-1nF-50V-0805
Added Member To Class: ClassName=Sheet7 Member=Component C29 Cap-1nF-50V-0805
Added Member To Class: ClassName=Sheet7 Member=Component C30 Cap-1nF-50V-0805
Added Member To Class: ClassName=Sheet7 Member=Component C31 Cap-1nF-50V-0805
Added Member To Class: ClassName=Sheet8 Member=Component C33 Cap-1nF-50V-0805
Added Member To Class: ClassName=Sheet8 Member=Component C34 Cap-4.7uF-50V-0805
Added Member To Class: ClassName=Sheet8 Member=Component C35 Cap-4.7uF-50V-0805
Added Member To Class: ClassName=Sheet6 Member=Component D5 SS14
Added Member To Class: ClassName=Sheet8 Member=Component D11 LED-RED-TH-3mm
Added Member To Class: ClassName=Sheet4 Member=Component M2 DRV8825
Added Member To Class: ClassName=Sheet1 Member=Component P1 691322310002
Added Member To Class: ClassName=Sheet1 Member=Component P3 Header 2
Added Member To Class: ClassName=Sheet2 Member=Component P5 
Added Member To Class: ClassName=Sheet2 Member=Component P6 
Added Member To Class: ClassName=Sheet3 Member=Component P7 691322310004
Added Member To Class: ClassName=Sheet3 Member=Component P8 691322310004
Added Member To Class: ClassName=Sheet4 Member=Component P9 Header 2
Added Member To Class: ClassName=Sheet4 Member=Component P10 Header 3
Added Member To Class: ClassName=Sheet4 Member=Component P16 Header 3
Added Member To Class: ClassName=Sheet4 Member=Component P18 Header 3
Added Member To Class: ClassName=Sheet4 Member=Component P20 Header 3
Added Member To Class: ClassName=Sheet4 Member=Component P21 Header 3
Added Member To Class: ClassName=Sheet5 Member=Component P22 Header 3
Added Member To Class: ClassName=Sheet7 Member=Component P24 Header 6
Added Member To Class: ClassName=Sheet7 Member=Component P26 Header 2
Added Member To Class: ClassName=Sheet8 Member=Component P27 Header 4
Added Member To Class: ClassName=Sheet8 Member=Component P28 Header 5
Added Member To Class: ClassName=Sheet8 Member=Component P29 Header 3
Added Member To Class: ClassName=Sheet8 Member=Component P30 Header 2
Added Member To Class: ClassName=Sheet1 Member=Component Q1 MMBT3904-1AM
Added Member To Class: ClassName=Sheet6 Member=Component Q4 S8050
Added Member To Class: ClassName=Sheet1 Member=Component R2 Res-1K-0805
Added Member To Class: ClassName=Sheet2 Member=Component R3 Res-0-0805
Added Member To Class: ClassName=Sheet2 Member=Component R5 Res-0-0805
Added Member To Class: ClassName=Sheet2 Member=Component R7 Res-1K-0805
Added Member To Class: ClassName=Sheet2 Member=Component R8 Res-0-0805
Added Member To Class: ClassName=Sheet4 Member=Component R9 Res-1K-0805
Added Member To Class: ClassName=Sheet4 Member=Component R10 Res-1K-0805
Added Member To Class: ClassName=Sheet4 Member=Component R11 Res-1K-0805
Added Member To Class: ClassName=Sheet5 Member=Component R16 Res-1K-0805
Added Member To Class: ClassName=Sheet6 Member=Component R18 Res-470-0805
Added Member To Class: ClassName=Sheet6 Member=Component R19 Res-0-0805
Added Member To Class: ClassName=Sheet6 Member=Component R20 Res-470-0805
Added Member To Class: ClassName=Sheet6 Member=Component R24 Res-470-0805
Added Member To Class: ClassName=Sheet6 Member=Component R25 Res-0-0805
Added Member To Class: ClassName=Sheet6 Member=Component R26 Res-470-0805
Added Member To Class: ClassName=Sheet6 Member=Component R27 Res-0-0805
Added Member To Class: ClassName=Sheet8 Member=Component R34 Res-1K-0805
Added Member To Class: ClassName=Sheet8 Member=Component R35 Res-1K-0805
Added Member To Class: ClassName=Sheet4 Member=Component S3 418117170903
Added Member To Class: ClassName=Sheet4 Member=Component S4 418117170903
Added Member To Class: ClassName=Sheet1 Member=Component U1 L7805-SMD
Added Member To Class: ClassName=Sheet4 Member=Component U4 74HC245
Added Member To Class: ClassName=Sheet6 Member=Component U7 CP2102-GM
