Removed Pin From Net: NetName=DWM_SCL Pin=P23-1
Removed Pin From Net: NetName=DWM_SDA Pin=P23-2
Removed Pin From Net: NetName=GND Pin=P23-3
Removed Member From Class: ClassName=Sheet8 Member=P23
Change Component Designator: OldDesignator=P25 NewDesignator=tsts
Added Component: Designator=P20(JP3)
Add component. Clean all parameters for all variants
Add component (AddParameter): Name = "LatestRevisionDate"; Value = "17-Jul-2002"; VariantName = "[No Variations]"
Add component (AddParameter): Name = "LatestRevisionNote"; Value = "Re-released for DXP Platform."; VariantName = "[No Variations]"
Add component (AddParameter): Name = "Publisher"; Value = "Altium Limited"; VariantName = "[No Variations]"
Added Pin To Net: NetName=GND Pin=C22-1
Added Pin To Net: NetName=DWM_SCL Pin=P20-1
Added Pin To Net: NetName=DWM_SDA Pin=P20-2
Added Pin To Net: NetName=GND Pin=P20-3
Added Member To Class: ClassName=Sheet2 Member=Component C22 Cap-1nF-50V-0805
Added Member To Class: ClassName=Sheet8 Member=Component P20 Header 3
Added Room: Name=Sheet1
Added Room: Name=Sheet2
Added Room: Name=Sheet3
Added Room: Name=Sheet4
Added Room: Name=Sheet5
Added Room: Name=Sheet6
Added Room: Name=Sheet7
Added Room: Name=Sheet8
