Change Component Designator: Old Designator=C4 New Designator=C19
Change Component Designator: Old Designator=C5 New Designator=C20
Change Component Designator: Old Designator=C23 New Designator=C18
Change Component Designator: Old Designator=M1 New Designator=M2
Change Component Designator: Old Designator=M2 New Designator=M3
Change Component Designator: Old Designator=P7 New Designator=P9
Change Component Designator: Old Designator=P8 New Designator=P10
Change Component Designator: Old Designator=P9 New Designator=P11
Change Component Designator: Old Designator=P10 New Designator=P12
Change Component Designator: Old Designator=P11 New Designator=P13
Change Component Designator: Old Designator=P26 New Designator=P16
Change Component Designator: Old Designator=P27 New Designator=P17
Change Component Designator: Old Designator=P28 New Designator=P18
Change Component Designator: Old Designator=P29 New Designator=P19
Change Component Designator: Old Designator=P30 New Designator=P20
Change Component Designator: Old Designator=P31 New Designator=P21
Change Component Designator: Old Designator=R5 New Designator=R9
Change Component Designator: Old Designator=R6 New Designator=R10
Change Component Designator: Old Designator=R7 New Designator=R11
Change Component Designator: Old Designator=R8 New Designator=R12
Change Component Designator: Old Designator=R9 New Designator=R13
Change Component Designator: Old Designator=R10 New Designator=R14
Change Component Designator: Old Designator=S1 New Designator=S3
Change Component Designator: Old Designator=S2 New Designator=S4
Change Component Designator: Old Designator=U5 New Designator=U4
